This is pdfTeX, Version 3.1415926-2.4-1.40.13 (TeX Live 2012/Debian) (format=latex 2013.2.26)  24 APR 2013 12:20
entering extended mode
 restricted \write18 enabled.
 %&-line parsing enabled.
**proj1.tex
(./proj1.tex
LaTeX2e <2011/06/27>
Babel <v3.8m> and hyphenation patterns for english, dumylang, nohyphenation, et
hiopic, farsi, arabic, pinyin, croatian, bulgarian, ukrainian, russian, slovak,
 czech, danish, dutch, usenglishmax, ukenglish, finnish, french, basque, ngerma
n, german, swissgerman, ngerman-x-2012-05-30, german-x-2012-05-30, monogreek, g
reek, ibycus, ancientgreek, hungarian, bengali, tamil, hindi, telugu, gujarati,
 sanskrit, malayalam, kannada, assamese, marathi, oriya, panjabi, italian, lati
n, latvian, lithuanian, mongolian, mongolianlmc, nynorsk, bokmal, indonesian, e
speranto, coptic, welsh, irish, interlingua, serbian, serbianc, slovenian, friu
lan, romansh, estonian, romanian, armenian, uppersorbian, turkish, afrikaans, i
celandic, kurmanji, polish, portuguese, galician, catalan, spanish, swedish, th
ai, loaded.
(/usr/share/texlive/texmf-dist/tex/latex/base/article.cls
Document Class: article 2007/10/19 v1.4h Standard LaTeX document class
(/usr/share/texlive/texmf-dist/tex/latex/base/size12.clo
File: size12.clo 2007/10/19 v1.4h Standard LaTeX file (size option)
)
\c@part=\count79
\c@section=\count80
\c@subsection=\count81
\c@subsubsection=\count82
\c@paragraph=\count83
\c@subparagraph=\count84
\c@figure=\count85
\c@table=\count86
\abovecaptionskip=\skip41
\belowcaptionskip=\skip42
\bibindent=\dimen102
)
(/usr/share/texlive/texmf-dist/tex/latex/geometry/geometry.sty
Package: geometry 2010/09/12 v5.6 Page Geometry

(/usr/share/texlive/texmf-dist/tex/latex/graphics/keyval.sty
Package: keyval 1999/03/16 v1.13 key=value parser (DPC)
\KV@toks@=\toks14
)
(/usr/share/texlive/texmf-dist/tex/generic/oberdiek/ifpdf.sty
Package: ifpdf 2011/01/30 v2.3 Provides the ifpdf switch (HO)
Package ifpdf Info: pdfTeX in PDF mode is not detected.
)
(/usr/share/texlive/texmf-dist/tex/generic/oberdiek/ifvtex.sty
Package: ifvtex 2010/03/01 v1.5 Detect VTeX and its facilities (HO)
Package ifvtex Info: VTeX not detected.
)
(/usr/share/texlive/texmf-dist/tex/generic/ifxetex/ifxetex.sty
Package: ifxetex 2010/09/12 v0.6 Provides ifxetex conditional
)
\Gm@cnth=\count87
\Gm@cntv=\count88
\c@Gm@tempcnt=\count89
\Gm@bindingoffset=\dimen103
\Gm@wd@mp=\dimen104
\Gm@odd@mp=\dimen105
\Gm@even@mp=\dimen106
\Gm@layoutwidth=\dimen107
\Gm@layoutheight=\dimen108
\Gm@layouthoffset=\dimen109
\Gm@layoutvoffset=\dimen110
\Gm@dimlist=\toks15
)
(/usr/share/texlive/texmf-dist/tex/latex/tools/enumerate.sty
Package: enumerate 1999/03/05 v3.00 enumerate extensions (DPC)
\@enLab=\toks16
)
(/usr/share/texlive/texmf-dist/tex/latex/amsmath/amsmath.sty
Package: amsmath 2000/07/18 v2.13 AMS math features
\@mathmargin=\skip43

For additional information on amsmath, use the `?' option.
(/usr/share/texlive/texmf-dist/tex/latex/amsmath/amstext.sty
Package: amstext 2000/06/29 v2.01

(/usr/share/texlive/texmf-dist/tex/latex/amsmath/amsgen.sty
File: amsgen.sty 1999/11/30 v2.0
\@emptytoks=\toks17
\ex@=\dimen111
))
(/usr/share/texlive/texmf-dist/tex/latex/amsmath/amsbsy.sty
Package: amsbsy 1999/11/29 v1.2d
\pmbraise@=\dimen112
)
(/usr/share/texlive/texmf-dist/tex/latex/amsmath/amsopn.sty
Package: amsopn 1999/12/14 v2.01 operator names
)
\inf@bad=\count90
LaTeX Info: Redefining \frac on input line 211.
\uproot@=\count91
\leftroot@=\count92
LaTeX Info: Redefining \overline on input line 307.
\classnum@=\count93
\DOTSCASE@=\count94
LaTeX Info: Redefining \ldots on input line 379.
LaTeX Info: Redefining \dots on input line 382.
LaTeX Info: Redefining \cdots on input line 467.
\Mathstrutbox@=\box26
\strutbox@=\box27
\big@size=\dimen113
LaTeX Font Info:    Redeclaring font encoding OML on input line 567.
LaTeX Font Info:    Redeclaring font encoding OMS on input line 568.
\macc@depth=\count95
\c@MaxMatrixCols=\count96
\dotsspace@=\muskip10
\c@parentequation=\count97
\dspbrk@lvl=\count98
\tag@help=\toks18
\row@=\count99
\column@=\count100
\maxfields@=\count101
\andhelp@=\toks19
\eqnshift@=\dimen114
\alignsep@=\dimen115
\tagshift@=\dimen116
\tagwidth@=\dimen117
\totwidth@=\dimen118
\lineht@=\dimen119
\@envbody=\toks20
\multlinegap=\skip44
\multlinetaggap=\skip45
\mathdisplay@stack=\toks21
LaTeX Info: Redefining \[ on input line 2666.
LaTeX Info: Redefining \] on input line 2667.
)
(/usr/share/texlive/texmf-dist/tex/latex/amscls/amsthm.sty
Package: amsthm 2009/07/02 v2.20.1
\thm@style=\toks22
\thm@bodyfont=\toks23
\thm@headfont=\toks24
\thm@notefont=\toks25
\thm@headpunct=\toks26
\thm@preskip=\skip46
\thm@postskip=\skip47
\thm@headsep=\skip48
\dth@everypar=\toks27
)
(/usr/share/texlive/texmf-dist/tex/latex/amsfonts/amssymb.sty
Package: amssymb 2009/06/22 v3.00

(/usr/share/texlive/texmf-dist/tex/latex/amsfonts/amsfonts.sty
Package: amsfonts 2009/06/22 v3.00 Basic AMSFonts support
\symAMSa=\mathgroup4
\symAMSb=\mathgroup5
LaTeX Font Info:    Overwriting math alphabet `\mathfrak' in version `bold'
(Font)                  U/euf/m/n --> U/euf/b/n on input line 96.
))
(/usr/share/texlive/texmf-dist/tex/latex/jknapltx/mathrsfs.sty
Package: mathrsfs 1996/01/01 Math RSFS package v1.0 (jk)
\symrsfs=\mathgroup6
)
(/usr/share/texlive/texmf-dist/tex/latex/oberdiek/epstopdf.sty
Package: epstopdf 2010/02/09 v2.5 Conversion with epstopdf on the fly (HO)

(/usr/share/texlive/texmf-dist/tex/latex/oberdiek/epstopdf-base.sty
Package: epstopdf-base 2010/02/09 v2.5 Base part for package epstopdf

(/usr/share/texlive/texmf-dist/tex/generic/oberdiek/infwarerr.sty
Package: infwarerr 2010/04/08 v1.3 Providing info/warning/error messages (HO)
)
(/usr/share/texlive/texmf-dist/tex/latex/oberdiek/grfext.sty
Package: grfext 2010/08/19 v1.1 Manage graphics extensions (HO)

(/usr/share/texlive/texmf-dist/tex/generic/oberdiek/kvdefinekeys.sty
Package: kvdefinekeys 2011/04/07 v1.3 Define keys (HO)

(/usr/share/texlive/texmf-dist/tex/generic/oberdiek/ltxcmds.sty
Package: ltxcmds 2011/11/09 v1.22 LaTeX kernel commands for general use (HO)
)))
(/usr/share/texlive/texmf-dist/tex/latex/oberdiek/kvoptions.sty
Package: kvoptions 2011/06/30 v3.11 Key value format for package options (HO)

(/usr/share/texlive/texmf-dist/tex/generic/oberdiek/kvsetkeys.sty
Package: kvsetkeys 2012/04/25 v1.16 Key value parser (HO)

(/usr/share/texlive/texmf-dist/tex/generic/oberdiek/etexcmds.sty
Package: etexcmds 2011/02/16 v1.5 Avoid name clashes with e-TeX commands (HO)

(/usr/share/texlive/texmf-dist/tex/generic/oberdiek/ifluatex.sty
Package: ifluatex 2010/03/01 v1.3 Provides the ifluatex switch (HO)
Package ifluatex Info: LuaTeX not detected.
)
Package etexcmds Info: Could not find \expanded.
(etexcmds)             That can mean that you are not using pdfTeX 1.50 or
(etexcmds)             that some package has redefined \expanded.
(etexcmds)             In the latter case, load this package earlier.
)))
(/usr/share/texlive/texmf-dist/tex/generic/oberdiek/pdftexcmds.sty
Package: pdftexcmds 2011/11/29 v0.20 Utility functions of pdfTeX for LuaTeX (HO
)
Package pdftexcmds Info: LuaTeX not detected.
Package pdftexcmds Info: \pdf@primitive is available.
Package pdftexcmds Info: \pdf@ifprimitive is available.
Package pdftexcmds Info: \pdfdraftmode is ignored in DVI mode.
)

Package epstopdf Warning: No graphics package `graphic{s,x}' loaded.

)) (/usr/share/texlive/texmf-dist/tex/latex/caption/caption.sty
Package: caption 2012/02/19 v3.2f Customizing captions (AR)

(/usr/share/texlive/texmf-dist/tex/latex/caption/caption3.sty
Package: caption3 2012/01/12 v1.4b caption3 kernel (AR)
\captionmargin=\dimen120
\captionmargin@=\dimen121
\captionwidth=\dimen122
\caption@indent=\dimen123
\caption@parindent=\dimen124
\caption@hangindent=\dimen125
)
\c@ContinuedFloat=\count102
)
(/usr/share/texlive/texmf-dist/tex/latex/caption/subcaption.sty
Package: subcaption 2012/01/12 v1.1d Sub-captions (AR)
\c@subfigure=\count103
\c@subtable=\count104
)
(/usr/share/texlive/texmf-dist/tex/latex/pstricks/pstricks.sty
Package: pstricks 2011/10/31 v0.52 LaTeX wrapper for `PSTricks' (RN,HV)

(/usr/share/texlive/texmf-dist/tex/generic/pstricks/pstricks.tex
(/usr/share/texlive/texmf-dist/tex/generic/xkeyval/pst-xkey.tex
File: pst-xkey.tex 2005/11/25 v1.6 PSTricks specialization of xkeyval (HA)

(/usr/share/texlive/texmf-dist/tex/latex/xkeyval/xkeyval.sty
Package: xkeyval 2008/08/13 v2.6a package option processing (HA)

(/usr/share/texlive/texmf-dist/tex/generic/xkeyval/xkeyval.tex
\XKV@toks=\toks28
\XKV@tempa@toks=\toks29
\XKV@depth=\count105
File: xkeyval.tex 2008/08/13 v2.6a key=value parser (HA)
)))
(/usr/share/texlive/texmf-dist/tex/generic/pstricks/pst-fp.tex
`pst-fp' v0.05, 2010/01/17 (hv)
\pstFP@xs=\count106
\pstFP@xia=\count107
\pstFP@xib=\count108
\pstFP@xfa=\count109
\pstFP@xfb=\count110
\pstFP@rega=\count111
\pstFP@regb=\count112
\pstFP@regs=\count113
\pstFP@times=\count114
)
\psLoopIndex=\count115

`PSTricks' v2.29  <2012/06/04> (tvz)
\pst@dima=\dimen126
\pst@dimb=\dimen127
\pst@dimc=\dimen128
\pst@dimd=\dimen129
\pst@dimg=\dimen130
\pst@dimh=\dimen131
\pst@dimm=\dimen132
\pst@dimn=\dimen133
\pst@dimo=\dimen134
\pst@dimp=\dimen135
\pst@hbox=\box28
\pst@ibox=\box29
\pst@boxg=\box30
\pst@cnta=\count116
\pst@cntb=\count117
\pst@cntc=\count118
\pst@cntd=\count119
\pst@cntg=\count120
\pst@cnth=\count121
\pst@cntm=\count122
\pst@cntn=\count123
\pst@cnto=\count124
\pst@cntp=\count125
\@zero=\count126
\pst@toks=\toks30
(/usr/share/texlive/texmf-dist/tex/generic/pstricks/pstricks.con)
\psunit=\dimen136
\psxunit=\dimen137
\psyunit=\dimen138
\pst@C@@rType=\count127
\pslinewidth=\dimen139
\psk@startLW=\dimen140
\psk@endLW=\dimen141
\pst@customdefs=\toks31
\pslinearc=\dimen142
\pst@symbolStep=\dimen143
\pst@symbolWidth=\dimen144
\pst@symbolLinewidth=\dimen145
\everypsbox=\toks32
\psframesep=\dimen146
\pslabelsep=\dimen147
\pst@shift=\dimen148
\theoverlaybox=\box31
)
File: pstricks.tex 2012/06/04 v2.29 `PSTricks' (tvz,hv)

(/usr/share/texlive/texmf-dist/tex/generic/pstricks/pst-fp.tex)
File: pst-fp.tex 2012/06/04 v2.29 `PST-fp' (hv)

(/usr/share/texmf/tex/latex/xcolor/xcolor.sty
Package: xcolor 2007/01/21 v2.11 LaTeX color extensions (UK)

(/usr/share/texlive/texmf-dist/tex/latex/latexconfig/color.cfg
File: color.cfg 2007/01/18 v1.5 color configuration of teTeX/TeXLive
)
Package xcolor Info: Driver file: dvips.def on input line 225.

(/usr/share/texlive/texmf-dist/tex/latex/graphics/dvips.def
File: dvips.def 1999/02/16 v3.0i Driver-dependant file (DPC,SPQR)
)
Package xcolor Info: Model `cmy' substituted by `cmy0' on input line 1337.
Package xcolor Info: Model `RGB' extended on input line 1353.
Package xcolor Info: Model `HTML' substituted by `rgb' on input line 1355.
Package xcolor Info: Model `Hsb' substituted by `hsb' on input line 1356.
Package xcolor Info: Model `tHsb' substituted by `hsb' on input line 1357.
Package xcolor Info: Model `HSB' substituted by `hsb' on input line 1358.
Package xcolor Info: Model `Gray' substituted by `gray' on input line 1359.
Package xcolor Info: Model `wave' substituted by `hsb' on input line 1360.
))
(/usr/share/texlive/texmf-dist/tex/latex/pst-solides3d/pst-solides3d.sty
Package: pst-solides3d 2009/07/25 package wrapper for pst-solides3d

(/usr/share/texlive/texmf-dist/tex/generic/pst-solides3d/pst-solides3d.tex
(/usr/share/texlive/texmf-dist/tex/generic/pst-node/pst-node.tex
 v1.22, 2012/02/12
\psrow=\count128
\pscol=\count129
\psmatrixcnt=\count130
\psrowsep=\skip49
\pscolsep=\skip50
\pst@args=\count131
\num@pts=\count132
\pst@argcnt=\count133
)
(/usr/share/texlive/texmf-dist/tex/generic/multido/multido.tex
 v1.42, 2010/05/14 <tvz>
\multido@count=\count134
\multidocount=\count135
\multido@stuff=\toks33
) `PSTSOLIDESIIID' v4.23, 2010/09/22
\test@mode=\count136
)
File: pst-solides3d.tex 2010/09/22 v4.23 `PST-solides3D'
)
(/usr/share/texlive/texmf-dist/tex/latex/pstricks-add/pstricks-add.sty
(/usr/share/texlive/texmf-dist/tex/latex/pst-plot/pst-plot.sty
Package: pst-plot 2011/06/05 v1.00 LaTeX wrapper for `pst-plot' (HV)

(/usr/share/texlive/texmf-dist/tex/latex/xkeyval/pst-xkey.sty
Package: pst-xkey 2005/11/25 v1.6 package wrapper for pst-xkey.tex (HA)
)
(/usr/share/texlive/texmf-dist/tex/latex/multido/multido.sty
Package: multido 2004/05/17 package wrapper for PSTricks `multido.tex', (HV/RN)

)
Package: pst-plot 2011/04/13 package wrapper for pst-plot.tex (hv)

(/usr/share/texlive/texmf-dist/tex/generic/pst-plot/pst-plot.tex
 v1.42, 2012/05/03 (tvz,hv)
\pstRadUnit=\dimen149
\pstRadUnitInv=\dimen150
\pst@linecnt=\count137
\psxlabelsep=\dimen151
\psylabelsep=\dimen152
\psk@subticksize=\dimen153
\pst@xticksizeA=\dimen154
\pst@xticksizeB=\dimen155
\pst@xticksizeC=\dimen156
\pst@yticksizeA=\dimen157
\pst@yticksizeB=\dimen158
\pst@yticksizeC=\dimen159
\@digitcounter=\count138
\psk@llx=\dimen160
\psk@lly=\dimen161
\psk@urx=\dimen162
\psk@ury=\dimen163
\pst@xunit=\dimen164
\pst@yunit=\dimen165
)
File: pst-plot.tex 2012/05/03 1.42 `pst-plot' (tvz,hv)
)
(/usr/share/texlive/texmf-dist/tex/latex/pst-node/pst-node.sty
Package: pst-node 2011/06/05 v1.00 LaTeX wrapper for `pst-node' (HV)
Package: pst-node 2010/04/22 package wrapper for pst-node.tex

(/usr/share/texlive/texmf-dist/tex/generic/pst-node/pst-node.tex)
File: pst-node.tex 2012/05/03 1.42 `pst-node' (tvz)
)
(/usr/share/texlive/texmf-dist/tex/latex/pst-3d/pst-3d.sty
Package: pst-3d 2009/07/28 package wrapper for pst-3d.tex (hv)

(/usr/share/texlive/texmf-dist/tex/generic/pst-3d/pst-3d.tex
`PST-3d' v1.11, 2010/02/14 (tvz))
File: pst-3d.tex 2010/02/14 v1.11 `PST-3d' (hv)
)
(/usr/share/texlive/texmf-dist/tex/latex/pst-math/pst-math.sty
Package: pst-math 2009/01/20 package wrapper for PSTricks pst-math.tex

(/usr/share/texlive/texmf-dist/tex/generic/pst-math/pst-math.tex
`pst-math' v0.62 , (CJ,hv))
File: pst-math.tex 2010/10/20 v0.62 `PST-math' (hv)
)
Package: pstricks-add 2010/02/11 v. 0.14 package wrapper for pstricks-add.tex (
hv)

(/usr/share/texlive/texmf-dist/tex/generic/pstricks-add/pstricks-add.tex
`pstricks-add' v3.55, 2011/12/11 (dr,hv)
\pshooklength=\dimen166
\pshookwidth=\dimen167
\pst@cntC=\count139
\chart@ColorIndex=\dimen168
\chart@ColorStep=\dimen169
\pst@chartHeight=\dimen170
\pst@chartStackDepth=\dimen171
\pst@chartStackWidth=\dimen172
\chart@Toggle=\count140
\psVectorCtr=\count141
)
File: pstricks-add.tex 2011/12/11 v3.55 `PSTricks-add' (hv)
)
(/usr/share/texlive/texmf-dist/tex/latex/graphics/graphicx.sty
Package: graphicx 1999/02/16 v1.0f Enhanced LaTeX Graphics (DPC,SPQR)

(/usr/share/texlive/texmf-dist/tex/latex/graphics/graphics.sty
Package: graphics 2009/02/05 v1.0o Standard LaTeX Graphics (DPC,SPQR)

(/usr/share/texlive/texmf-dist/tex/latex/graphics/trig.sty
Package: trig 1999/03/16 v1.09 sin cos tan (DPC)
)
(/usr/share/texlive/texmf-dist/tex/latex/latexconfig/graphics.cfg
File: graphics.cfg 2010/04/23 v1.9 graphics configuration of TeX Live
)
Package graphics Info: Driver file: dvips.def on input line 91.
)
\Gin@req@height=\dimen173
\Gin@req@width=\dimen174
)
(/usr/share/texlive/texmf-dist/tex/latex/pst-tree/pst-tree.sty
Package: pst-tree 2009/01/25 package wrapper for pst-tree.tex

(/usr/share/texlive/texmf-dist/tex/generic/pst-tree/pst-tree.tex
 v1.12, 2011/02/28(tvz,dg,hv)
\pstree@rootbox=\box32
\pstree@box=\box33
\psnodecnt=\count142
\pstreelevel=\count143
\pstreecnt=\count144
\pstree@cnt=\count145
\pstree@stop=\count146
)
File: pst-tree.tex 2011/02/28 1.12 `pst-tree' (tvz,hv)
)
(/usr/share/texlive/texmf-dist/tex/latex/pst-poly/pst-poly.sty
Package: pst-poly 2009/12/20 package wrapper for pst-poly.tex (dg,hv)

(/usr/share/texlive/texmf-dist/tex/generic/pst-poly/pst-poly.tex
`PST-Polygon' v1.61, 2009/12/20 (DG/hv)
\PstPoly@IntermediatePointDim=\dimen175
\pst@dimm=\dimen176
\pst@dimn=\dimen177
\pst@dimo=\dimen178
\pst@dimp=\dimen179
)
File: pst-poly.tex 2009/12/20 v1.61 `PST-poly' (dg,hv)
)
(/usr/share/texlive/texmf-dist/tex/latex/tools/calc.sty
Package: calc 2007/08/22 v4.3 Infix arithmetic (KKT,FJ)
\calc@Acount=\count147
\calc@Bcount=\count148
\calc@Adimen=\dimen180
\calc@Bdimen=\dimen181
\calc@Askip=\skip51
\calc@Bskip=\skip52
LaTeX Info: Redefining \setlength on input line 76.
LaTeX Info: Redefining \addtolength on input line 77.
\calc@Ccount=\count149
\calc@Cskip=\skip53
)
(/usr/share/texlive/texmf-dist/tex/latex/base/ifthen.sty
Package: ifthen 2001/05/26 v1.1c Standard LaTeX ifthen package (DPC)
)
(/usr/share/texlive/texmf-dist/tex/latex/float/float.sty
Package: float 2001/11/08 v1.3d Float enhancements (AL)
\c@float@type=\count150
\float@exts=\toks34
\float@box=\box34
\@float@everytoks=\toks35
\@floatcapt=\box35
)
(/usr/share/texlive/texmf-dist/tex/latex/tools/multicol.sty
Package: multicol 2011/06/27 v1.7a multicolumn formatting (FMi)
\c@tracingmulticols=\count151
\mult@box=\box36
\multicol@leftmargin=\dimen182
\c@unbalance=\count152
\c@collectmore=\count153
\doublecol@number=\count154
\multicoltolerance=\count155
\multicolpretolerance=\count156
\full@width=\dimen183
\page@free=\dimen184
\premulticols=\dimen185
\postmulticols=\dimen186
\multicolsep=\skip54
\multicolbaselineskip=\skip55
\partial@page=\box37
\last@line=\box38
\mult@rightbox=\box39
\mult@grightbox=\box40
\mult@gfirstbox=\box41
\mult@firstbox=\box42
\@tempa=\box43
\@tempa=\box44
\@tempa=\box45
\@tempa=\box46
\@tempa=\box47
\@tempa=\box48
\@tempa=\box49
\@tempa=\box50
\@tempa=\box51
\@tempa=\box52
\@tempa=\box53
\@tempa=\box54
\@tempa=\box55
\@tempa=\box56
\@tempa=\box57
\@tempa=\box58
\@tempa=\box59
\c@columnbadness=\count157
\c@finalcolumnbadness=\count158
\last@try=\dimen187
\multicolovershoot=\dimen188
\multicolundershoot=\dimen189
\mult@nat@firstbox=\box60
\colbreak@box=\box61
\multicol@sort@counter=\count159
)
(/usr/share/texlive/texmf-dist/tex/latex/multirow/multirow.sty
\bigstrutjot=\dimen190
)
(/usr/share/texlive/texmf-dist/tex/latex/tools/array.sty
Package: array 2008/09/09 v2.4c Tabular extension package (FMi)
\col@sep=\dimen191
\extrarowheight=\dimen192
\NC@list=\toks36
\extratabsurround=\skip56
\backup@length=\skip57
)
(/usr/share/texlive/texmf-dist/tex/latex/tools/longtable.sty
Package: longtable 2004/02/01 v4.11 Multi-page Table package (DPC)
\LTleft=\skip58
\LTright=\skip59
\LTpre=\skip60
\LTpost=\skip61
\LTchunksize=\count160
\LTcapwidth=\dimen193
\LT@head=\box62
\LT@firsthead=\box63
\LT@foot=\box64
\LT@lastfoot=\box65
\LT@cols=\count161
\LT@rows=\count162
\c@LT@tables=\count163
\c@LT@chunks=\count164
\LT@p@ftn=\toks37
)
(/usr/share/texlive/texmf-dist/tex/latex/fancyhdr/fancyhdr.sty
\fancy@headwidth=\skip62
\f@ncyO@elh=\skip63
\f@ncyO@erh=\skip64
\f@ncyO@olh=\skip65
\f@ncyO@orh=\skip66
\f@ncyO@elf=\skip67
\f@ncyO@erf=\skip68
\f@ncyO@olf=\skip69
\f@ncyO@orf=\skip70
)
(/usr/share/texlive/texmf-dist/tex/latex/algorithmicx/algorithmicx.sty
Package: algorithmicx 2005/04/27 v1.2 Algorithmicx

Document Style algorithmicx 1.2 - a greatly improved `algorithmic' style
\c@ALG@line=\count165
\c@ALG@rem=\count166
\c@ALG@nested=\count167
\ALG@tlm=\skip71
\ALG@thistlm=\skip72
\c@ALG@Lnr=\count168
\c@ALG@blocknr=\count169
\c@ALG@storecount=\count170
\c@ALG@tmpcounter=\count171
\ALG@tmplength=\skip73
) (/usr/share/texlive/texmf-dist/tex/latex/algorithmicx/algpseudocode.sty
Package: algpseudocode 

Document Style - pseudocode environments for use with the `algorithmicx' style
) (/usr/share/texlive/texmf-dist/tex/latex/changepage/changepage.sty
Package: changepage 2009/10/20 v1.0c check page and change page layout
\c@cp@cntr=\count172
\cp@tempcnt=\count173
)
(/usr/share/texlive/texmf-dist/tex/latex/listings/listings.sty
\lst@mode=\count174
\lst@gtempboxa=\box66
\lst@token=\toks38
\lst@length=\count175
\lst@currlwidth=\dimen194
\lst@column=\count176
\lst@pos=\count177
\lst@lostspace=\dimen195
\lst@width=\dimen196
\lst@newlines=\count178
\lst@lineno=\count179
\lst@maxwidth=\dimen197

(/usr/share/texlive/texmf-dist/tex/latex/listings/lstmisc.sty
File: lstmisc.sty 2007/02/22 1.4 (Carsten Heinz)
\c@lstnumber=\count180
\lst@skipnumbers=\count181
\lst@framebox=\box67
)
(/usr/share/texlive/texmf-dist/tex/latex/listings/listings.cfg
File: listings.cfg 2007/02/22 1.4 listings configuration
))
Package: listings 2007/02/22 1.4 (Carsten Heinz)

(/usr/share/texlive/texmf-dist/tex/latex/fancyvrb/fancyvrb.sty
Package: fancyvrb 2008/02/07

Style option: `fancyvrb' v2.7a, with DG/SPQR fixes, and firstline=lastline fix 
<2008/02/07> (tvz)
\FV@CodeLineNo=\count182
\FV@InFile=\read1
\FV@TabBox=\box68
\c@FancyVerbLine=\count183
\FV@StepNumber=\count184
\FV@OutFile=\write3
) (/usr/share/texlive/texmf-dist/tex/latex/tools/verbatim.sty
Package: verbatim 2003/08/22 v1.5q LaTeX2e package for verbatim enhancements
\every@verbatim=\toks39
\verbatim@line=\toks40
\verbatim@in@stream=\read2
) (/usr/share/texlive/texmf-dist/tex/latex/moreverb/moreverb.sty
Package: moreverb 2008/06/03 v2.3a `more' verbatim facilities
\tab@position=\count185
\tab@size=\count186
\listing@line=\count187
)
(/usr/share/texlive/texmf-dist/tex/latex/psnfss/courier.sty
Package: courier 2005/04/12 PSNFSS-v9.2a (WaS) 
)
(/usr/share/texlive/texmf-dist/tex/latex/listings/lstlang1.sty
File: lstlang1.sty 2004/09/05 1.3 listings language file
)
(/usr/share/texlive/texmf-dist/tex/latex/listings/lstlang1.sty
File: lstlang1.sty 2004/09/05 1.3 listings language file
)
(/usr/share/texlive/texmf-dist/tex/latex/listings/lstmisc.sty
File: lstmisc.sty 2007/02/22 1.4 (Carsten Heinz)
)
\c@proposition=\count188
\c@theorem=\count189
\c@lemma=\count190
\c@corollary=\count191
\c@definition=\count192
\c@ZZZ=\count193
\c@XXX=\count194
\c@XX=\count195
 (./proj1.aux)
\openout1 = `proj1.aux'.

LaTeX Font Info:    Checking defaults for OML/cmm/m/it on input line 115.
LaTeX Font Info:    ... okay on input line 115.
LaTeX Font Info:    Checking defaults for T1/cmr/m/n on input line 115.
LaTeX Font Info:    ... okay on input line 115.
LaTeX Font Info:    Checking defaults for OT1/cmr/m/n on input line 115.
LaTeX Font Info:    ... okay on input line 115.
LaTeX Font Info:    Checking defaults for OMS/cmsy/m/n on input line 115.
LaTeX Font Info:    ... okay on input line 115.
LaTeX Font Info:    Checking defaults for OMX/cmex/m/n on input line 115.
LaTeX Font Info:    ... okay on input line 115.
LaTeX Font Info:    Checking defaults for U/cmr/m/n on input line 115.
LaTeX Font Info:    ... okay on input line 115.

*geometry* driver: auto-detecting
*geometry* detected driver: dvips
*geometry* verbose mode - [ preamble ] result:
* driver: dvips
* paper: <default>
* layout: <same size as paper>
* layoutoffset:(h,v)=(0.0pt,0.0pt)
* hratio: 1:1
* vratio: 1:1
* modes: 
* h-part:(L,W,R)=(72.27pt, 469.75499pt, 72.27pt)
* v-part:(T,H,B)=(104.79128pt, 585.38744pt, 104.79128pt)
* \paperwidth=614.295pt
* \paperheight=794.96999pt
* \textwidth=469.75499pt
* \textheight=585.38744pt
* \oddsidemargin=0.00002pt
* \evensidemargin=0.00002pt
* \topmargin=-4.47871pt
* \headheight=20.0pt
* \headsep=25.0pt
* \topskip=12.0pt
* \footskip=30.0pt
* \marginparwidth=44.0pt
* \marginparsep=10.0pt
* \columnsep=10.0pt
* \skip\footins=10.8pt plus 4.0pt minus 2.0pt
* \hoffset=0.0pt
* \voffset=0.0pt
* \mag=1000
* \@twocolumnfalse
* \@twosidefalse
* \@mparswitchfalse
* \@reversemarginfalse
* (1in=72.27pt=25.4mm, 1cm=28.453pt)

Package caption Info: Begin \AtBeginDocument code.
Package caption Info: float package is loaded.
Package caption Info: listings package is loaded.
Package caption Info: longtable package is loaded.
(/usr/share/texlive/texmf-dist/tex/latex/caption/ltcaption.sty
Package: ltcaption 2011/09/12 v1.3 longtable captions (AR)
)
Package caption Info: End \AtBeginDocument code.
\c@lstlisting=\count196
LaTeX Font Info:    Try loading font information for U+msa on input line 127.

(/usr/share/texlive/texmf-dist/tex/latex/amsfonts/umsa.fd
File: umsa.fd 2009/06/22 v3.00 AMS symbols A
)
LaTeX Font Info:    Try loading font information for U+msb on input line 127.

(/usr/share/texlive/texmf-dist/tex/latex/amsfonts/umsb.fd
File: umsb.fd 2009/06/22 v3.00 AMS symbols B
)
LaTeX Font Info:    Try loading font information for U+rsfs on input line 127.

(/usr/share/texlive/texmf-dist/tex/latex/jknapltx/ursfs.fd
File: ursfs.fd 1998/03/24 rsfs font definition file (jk)
)
Overfull \hbox (79.28166pt too wide) in paragraph at lines 151--164
[]$
 []

[1

]
Overfull \hbox (26.55528pt too wide) detected at line 165
\OT1/cmr/m/n/12 = \OML/cmm/m/it/12 u[] \OMS/cmsy/m/n/12 ^^@ \OML/cmm/m/it/12 ^^
W[][]\OT1/cmr/m/n/12 2\OML/cmm/m/it/12 u[] \OT1/cmr/m/n/12 + 4^^A\OML/cmm/m/it/
12 x[]u[] \OT1/cmr/m/n/12 + [](\OML/cmm/m/it/12 u[]\OT1/cmr/m/n/12 )[] \OMS/cms
y/m/n/12 ^^@ \OT1/cmr/m/n/12 4[]2\OML/cmm/m/it/12 u[] \OT1/cmr/m/n/12 + ^^A\OML
/cmm/m/it/12 x[]\OT1/cmr/m/n/12 (\OML/cmm/m/it/12 u[]\OT1/cmr/m/n/12 )[] + []^^
A\OML/cmm/m/it/12 x[]\OT1/cmr/m/n/12 (\OML/cmm/m/it/12 u[]\OT1/cmr/m/n/12 )[]) 
+ 6\OML/cmm/m/it/12 u[]
 []

[2]
Overfull \hbox (32.10625pt too wide) detected at line 187
\OT1/cmr/m/n/12 = [] [] \OML/cmm/m/it/12 e[][]\OT1/cmr/m/n/12 4\OML/cmm/m/it/12
 ^^Z\OT1/cmr/m/n/12 (\OML/cmm/m/it/12 u[] \OT1/cmr/m/n/12 + \OML/cmm/m/it/12 u[
]\OT1/cmr/m/n/12 )[] \OMS/cmsy/m/n/12 ^^@ [] \OML/cmm/m/it/12 e[][]^^Z\OT1/cmr/
m/n/12 (\OML/cmm/m/it/12 u[] \OT1/cmr/m/n/12 + \OML/cmm/m/it/12 u[]\OT1/cmr/m/n
/12 )[] + (1 \OMS/cmsy/m/n/12 ^^@ \OT1/cmr/m/n/12 6\OML/cmm/m/it/12 ^^Z\OT1/cmr
/m/n/12 ) [] \OML/cmm/m/it/12 e[][]u[][]
 []

[3] [4] (../p1iv/hyperd.cpp
LaTeX Font Info:    Try loading font information for OMS+cmr on input line 11.

(/usr/share/texlive/texmf-dist/tex/latex/base/omscmr.fd
File: omscmr.fd 1999/05/25 v2.5h Standard LaTeX font definitions
)
LaTeX Font Info:    Font shape `OMS/cmr/m/n' in size <10> not available
(Font)              Font shape `OMS/cmsy/m/n' tried instead on input line 11.
LaTeX Font Info:    Try loading font information for OML+cmr on input line 28.

(/usr/share/texlive/texmf-dist/tex/latex/base/omlcmr.fd
File: omlcmr.fd 1999/05/25 v2.5h Standard LaTeX font definitions
)
LaTeX Font Info:    Font shape `OML/cmr/m/n' in size <10> not available
(Font)              Font shape `OML/cmm/m/it' tried instead on input line 28.
LaTeX Font Info:    Font shape `OMS/cmr/m/it' in size <10> not available
(Font)              Font shape `OMS/cmsy/m/n' tried instead on input line 34.
 [5])
LaTeX Font Info:    Try loading font information for OT1+pcr on input line 226.


(/usr/share/texlive/texmf-dist/tex/latex/psnfss/ot1pcr.fd
File: ot1pcr.fd 2001/06/04 font definitions for OT1/pcr.
)
File: ../p1iv/plot0.eps Graphic file (type eps)
 <../p1iv/plot0.eps>
File: ../p1iv/plot1.eps Graphic file (type eps)

<../p1iv/plot1.eps>
Overfull \hbox (2.61107pt too wide) in paragraph at lines 228--238
[]$[]$ $[]$ 
 []

File: ../p1iv/plot3d.eps Graphic file (type eps)
<../p1iv/plot3d.eps> [6] (../p1v/hyperd.cpp [7]) [8]
File: ../p1v/plot0.eps Graphic file (type eps)
 <../p1v/plot0.eps>
File: ../p1v/plot1.eps Graphic file (type eps)

<../p1v/plot1.eps>
Overfull \hbox (2.61107pt too wide) in paragraph at lines 262--272
[]$[]$ $[]$ 
 []

File: ../p1v/plot3d.eps Graphic file (type eps)
<../p1v/plot3d.eps> [9] (../p2i/x22.cpp [10]) [11] (../p2iii/i21e.cpp [12])
File: ../p2iii/plot0.eps Graphic file (type eps)

<../p2iii/plot0.eps>
File: ../p2iii/plot1.eps Graphic file (type eps)
 <../p2iii/plot1.eps>
Overfull \hbox (2.61107pt too wide) in paragraph at lines 334--344
[]$[]$ $[]$ 
 []

File: ../p2iii/plot3d.eps Graphic file (type eps)
<../p2iii/plot3d.eps> [13] (../p2v/splitimp.cpp [14] [15])
File: ../p2v/plot0.eps Graphic file (type eps)
 <../p2v/plot0.eps>
File: ../p2v/plot1.eps Graphic file (type eps)

<../p2v/plot1.eps>
Overfull \hbox (2.61107pt too wide) in paragraph at lines 368--378
[]$[]$ $[]$ 
 []

File: ../p2v/plot3d.eps Graphic file (type eps)
<../p2v/plot3d.eps> [16]

Package moreverb Warning: No file ../p2iii/k20.out. on input line 394.

[17] (/usr/share/texlive/texmf-dist/tex/latex/listings/lstlang1.sty
File: lstlang1.sty 2004/09/05 1.3 listings language file
)
(/usr/share/texlive/texmf-dist/tex/latex/listings/lstlang2.sty
File: lstlang2.sty 2004/09/05 1.3 listings language file
)
(/usr/share/texlive/texmf-dist/tex/latex/listings/lstmisc.sty
File: lstmisc.sty 2007/02/22 1.4 (Carsten Heinz)
)
Underfull \hbox (badness 10000) in paragraph at lines 419--420

 []

[18] (../p2v/Makefile)
Underfull \hbox (badness 10000) in paragraph at lines 421--422

 []

(../util/output.h [19]) (../util/print.h [20])
Underfull \hbox (badness 10000) in paragraph at lines 425--426

 []

(../p2v/plot) (../p2v/plot3d [21]) [22] (./proj1.aux) ) 
Here is how much of TeX's memory you used:
 11332 strings out of 493486
 169796 string characters out of 3143549
 516124 words of memory out of 3000000
 14339 multiletter control sequences out of 15000+200000
 16041 words of font info for 64 fonts, out of 3000000 for 9000
 957 hyphenation exceptions out of 8191
 47i,12n,97p,623b,1884s stack positions out of 5000i,500n,10000p,200000b,50000s

Output written on proj1.dvi (22 pages, 235868 bytes).
