time =    0.1            0.9             2.0
x+dx      u(x+dx)         u(x+dx)         u(x+dx)

Approximation
0.00      0.00000000      0.00000000      0.00000000
0.05      0.02006512     -0.02057000     -0.03156472
0.10      0.04037467     -0.04205770     -0.05992002
0.15      0.05824895     -0.06173218     -0.08287110
0.20      0.07143202     -0.07707052     -0.09842700
0.25      0.07827836     -0.08605476     -0.10511279
0.30      0.07787749     -0.08738537     -0.10220201
0.35      0.07011083     -0.08060460     -0.08985162
0.40      0.05563773     -0.06612806     -0.06913168
0.45      0.03581189     -0.04518956     -0.04195260
0.50      0.01253545     -0.01971003     -0.01090102
0.55     -0.01193616      0.00789253      0.02099717
0.60     -0.03521996      0.03493151      0.05056358
0.65     -0.05503803      0.05869639      0.07477862
0.70     -0.06942945      0.07669261      0.09109201
0.75     -0.07691461      0.08686054      0.09770940
0.80     -0.07659261      0.08776389      0.09383462
0.85     -0.06816938      0.07874666      0.07984886
0.90     -0.05193627      0.06006528      0.05740861
0.95     -0.02874044      0.03300662      0.02943990
1.00      0.00000000      0.00000000      0.00000000

